<?xml version="1.0" encoding="UTF-8"?>
<testsuite name="twstudio.service.PersonServiceTest" tests="1" skipped="0" failures="0" errors="0" timestamp="2015-05-06T19:01:23" hostname="Taos-iMac.local" time="0.325">
  <properties/>
  <testcase name="simpleTest" classname="twstudio.service.PersonServiceTest" time="0.325"/>
  <system-out><![CDATA[15:01:18.783 [Test worker] DEBUG o.s.t.c.j.SpringJUnit4ClassRunner - SpringJUnit4ClassRunner constructor called with [class twstudio.service.PersonServiceTest].
15:01:18.799 [Test worker] DEBUG o.s.test.context.BootstrapUtils - Instantiating TestContextBootstrapper from class [org.springframework.boot.test.WebAppIntegrationTestContextBootstrapper]
15:01:18.811 [Test worker] DEBUG o.s.b.t.WebAppIntegrationTestContextBootstrapper - Found explicit ContextLoader class [org.springframework.boot.test.SpringApplicationContextLoader] for context configuration attributes [ContextConfigurationAttributes@484e043d declaringClass = 'twstudio.service.PersonServiceTest', classes = '{class twstudio.Application}', locations = '{}', inheritLocations = true, initializers = '{}', inheritInitializers = true, name = [null], contextLoaderClass = 'org.springframework.boot.test.SpringApplicationContextLoader']
15:01:18.816 [Test worker] DEBUG o.s.t.c.support.ActiveProfilesUtils - Could not find an 'annotation declaring class' for annotation type [org.springframework.test.context.ActiveProfiles] and class [twstudio.service.PersonServiceTest]
15:01:18.819 [Test worker] DEBUG o.s.test.util.ReflectionTestUtils - Setting field [propertySourceProperties] of type [null] on target [[WebMergedContextConfiguration@7616c923 testClass = PersonServiceTest, locations = '{}', classes = '{class twstudio.Application}', contextInitializerClasses = '[]', activeProfiles = '{}', propertySourceLocations = '{}', propertySourceProperties = '{}', resourceBasePath = '', contextLoader = 'org.springframework.boot.test.SpringApplicationContextLoader', parent = [null]]] to value [[Ljava.lang.String;@29aecba2]
15:01:18.820 [Test worker] DEBUG o.s.b.t.WebAppIntegrationTestContextBootstrapper - @TestExecutionListeners is not present for class [twstudio.service.PersonServiceTest]: using defaults.
15:01:18.826 [Test worker] INFO  o.s.b.t.WebAppIntegrationTestContextBootstrapper - Loaded default TestExecutionListener class names from location [META-INF/spring.factories]: [org.springframework.test.context.web.ServletTestExecutionListener, org.springframework.test.context.support.DependencyInjectionTestExecutionListener, org.springframework.test.context.support.DirtiesContextTestExecutionListener, org.springframework.test.context.transaction.TransactionalTestExecutionListener, org.springframework.test.context.jdbc.SqlScriptsTestExecutionListener]
15:01:18.839 [Test worker] INFO  o.s.b.t.WebAppIntegrationTestContextBootstrapper - Using TestExecutionListeners: [org.springframework.test.context.web.ServletTestExecutionListener@4c123499, org.springframework.test.context.support.DependencyInjectionTestExecutionListener@7604b5b8, org.springframework.test.context.support.DirtiesContextTestExecutionListener@20f5c8ac, org.springframework.test.context.transaction.TransactionalTestExecutionListener@3a8bf414, org.springframework.test.context.jdbc.SqlScriptsTestExecutionListener@6760b920]
15:01:18.842 [Test worker] DEBUG o.s.t.annotation.ProfileValueUtils - Retrieved @ProfileValueSourceConfiguration [null] for test class [twstudio.service.PersonServiceTest]
15:01:18.842 [Test worker] DEBUG o.s.t.annotation.ProfileValueUtils - Retrieved ProfileValueSource type [class org.springframework.test.annotation.SystemProfileValueSource] for class [twstudio.service.PersonServiceTest]
15:01:18.845 [Test worker] DEBUG o.s.t.annotation.ProfileValueUtils - Retrieved @ProfileValueSourceConfiguration [null] for test class [twstudio.service.PersonServiceTest]
15:01:18.845 [Test worker] DEBUG o.s.t.annotation.ProfileValueUtils - Retrieved ProfileValueSource type [class org.springframework.test.annotation.SystemProfileValueSource] for class [twstudio.service.PersonServiceTest]
15:01:18.846 [Test worker] DEBUG o.s.t.annotation.ProfileValueUtils - Retrieved @ProfileValueSourceConfiguration [null] for test class [twstudio.service.PersonServiceTest]
15:01:18.846 [Test worker] DEBUG o.s.t.annotation.ProfileValueUtils - Retrieved ProfileValueSource type [class org.springframework.test.annotation.SystemProfileValueSource] for class [twstudio.service.PersonServiceTest]
15:01:18.848 [Test worker] DEBUG o.s.t.annotation.ProfileValueUtils - Retrieved @ProfileValueSourceConfiguration [null] for test class [twstudio.service.PersonServiceTest]
15:01:18.848 [Test worker] DEBUG o.s.t.annotation.ProfileValueUtils - Retrieved ProfileValueSource type [class org.springframework.test.annotation.SystemProfileValueSource] for class [twstudio.service.PersonServiceTest]
15:01:19.029 [Test worker] DEBUG o.s.t.c.s.DependencyInjectionTestExecutionListener - Performing dependency injection for test context [[DefaultTestContext@6aabe87 testClass = PersonServiceTest, testInstance = twstudio.service.PersonServiceTest@b893c67, testMethod = [null], testException = [null], mergedContextConfiguration = [WebMergedContextConfiguration@7616c923 testClass = PersonServiceTest, locations = '{}', classes = '{class twstudio.Application}', contextInitializerClasses = '[]', activeProfiles = '{}', propertySourceLocations = '{}', propertySourceProperties = '{org.springframework.boot.test.IntegrationTest=true}', resourceBasePath = '', contextLoader = 'org.springframework.boot.test.SpringApplicationContextLoader', parent = [null]]]].
15:01:19.083 [Test worker] DEBUG o.s.core.env.StandardEnvironment - Adding [systemProperties] PropertySource with lowest search precedence
15:01:19.084 [Test worker] DEBUG o.s.core.env.StandardEnvironment - Adding [systemEnvironment] PropertySource with lowest search precedence
15:01:19.085 [Test worker] DEBUG o.s.core.env.StandardEnvironment - Initialized StandardEnvironment with PropertySources [systemProperties,systemEnvironment]
15:01:19.086 [Test worker] DEBUG o.s.core.env.StandardEnvironment - Adding [integrationTest] PropertySource with search precedence immediately lower than [systemEnvironment]

  .   ____          _            __ _ _
 /\\ / ___'_ __ _ _(_)_ __  __ _ \ \ \ \
( ( )\___ | '_ | '_| | '_ \/ _` | \ \ \ \
 \\/  ___)| |_)| | | | | || (_| |  ) ) ) )
  '  |____| .__|_| |_|_| |_\__, | / / / /
 =========|_|==============|___/=/_/_/_/
 :: Spring Boot ::        (v1.2.2.RELEASE)

2015-05-06 15:01:19.227  INFO 95354 --- [    Test worker] org.eclipse.jetty.util.log               : Logging initialized @1058ms
2015-05-06 15:01:19.260  INFO 95354 --- [    Test worker] o.s.boot.SpringApplication               : Starting application on Taos-iMac.local with PID 95354 (/Users/taowang/.gradle/caches/modules-2/files-2.1/org.springframework.boot/spring-boot/1.2.2.RELEASE/c2495d6c08c742743366f50e25ad76f5dfcd9f75/spring-boot-1.2.2.RELEASE.jar started by taowang in /Users/taowang/myprojects/picker)
2015-05-06 15:01:19.284  INFO 95354 --- [    Test worker] ationConfigEmbeddedWebApplicationContext : Refreshing org.springframework.boot.context.embedded.AnnotationConfigEmbeddedWebApplicationContext@8123cc4: startup date [Wed May 06 15:01:19 EDT 2015]; root of context hierarchy
2015-05-06 15:01:19.758  INFO 95354 --- [    Test worker] o.s.b.f.s.DefaultListableBeanFactory     : Overriding bean definition for bean 'beanNameViewResolver': replacing [Root bean: class [null]; scope=; abstract=false; lazyInit=false; autowireMode=3; dependencyCheck=0; autowireCandidate=true; primary=false; factoryBeanName=org.springframework.boot.autoconfigure.web.ErrorMvcAutoConfiguration$WhitelabelErrorViewConfiguration; factoryMethodName=beanNameViewResolver; initMethodName=null; destroyMethodName=(inferred); defined in class path resource [org/springframework/boot/autoconfigure/web/ErrorMvcAutoConfiguration$WhitelabelErrorViewConfiguration.class]] with [Root bean: class [null]; scope=; abstract=false; lazyInit=false; autowireMode=3; dependencyCheck=0; autowireCandidate=true; primary=false; factoryBeanName=org.springframework.boot.autoconfigure.web.WebMvcAutoConfiguration$WebMvcAutoConfigurationAdapter; factoryMethodName=beanNameViewResolver; initMethodName=null; destroyMethodName=(inferred); defined in class path resource [org/springframework/boot/autoconfigure/web/WebMvcAutoConfiguration$WebMvcAutoConfigurationAdapter.class]]
2015-05-06 15:01:20.018  INFO 95354 --- [    Test worker] f.a.AutowiredAnnotationBeanPostProcessor : JSR-330 'javax.inject.Inject' annotation found and supported for autowiring
2015-05-06 15:01:20.214  INFO 95354 --- [    Test worker] trationDelegate$BeanPostProcessorChecker : Bean 'org.springframework.transaction.annotation.ProxyTransactionManagementConfiguration' of type [class org.springframework.transaction.annotation.ProxyTransactionManagementConfiguration$$EnhancerBySpringCGLIB$$22d4eb44] is not eligible for getting processed by all BeanPostProcessors (for example: not eligible for auto-proxying)
2015-05-06 15:01:20.228  INFO 95354 --- [    Test worker] trationDelegate$BeanPostProcessorChecker : Bean 'transactionAttributeSource' of type [class org.springframework.transaction.annotation.AnnotationTransactionAttributeSource] is not eligible for getting processed by all BeanPostProcessors (for example: not eligible for auto-proxying)
2015-05-06 15:01:20.237  INFO 95354 --- [    Test worker] trationDelegate$BeanPostProcessorChecker : Bean 'transactionInterceptor' of type [class org.springframework.transaction.interceptor.TransactionInterceptor] is not eligible for getting processed by all BeanPostProcessors (for example: not eligible for auto-proxying)
2015-05-06 15:01:20.242  INFO 95354 --- [    Test worker] trationDelegate$BeanPostProcessorChecker : Bean 'org.springframework.transaction.config.internalTransactionAdvisor' of type [class org.springframework.transaction.interceptor.BeanFactoryTransactionAttributeSourceAdvisor] is not eligible for getting processed by all BeanPostProcessors (for example: not eligible for auto-proxying)
2015-05-06 15:01:20.488  INFO 95354 --- [    Test worker] e.j.JettyEmbeddedServletContainerFactory : Server initialized with port: 8080
2015-05-06 15:01:20.491  INFO 95354 --- [    Test worker] org.eclipse.jetty.server.Server          : jetty-9.2.9.v20150224
2015-05-06 15:01:20.561  INFO 95354 --- [    Test worker] /                                        : Initializing Spring embedded WebApplicationContext
2015-05-06 15:01:20.561  INFO 95354 --- [    Test worker] o.s.web.context.ContextLoader            : Root WebApplicationContext: initialization completed in 1280 ms
2015-05-06 15:01:20.991  INFO 95354 --- [    Test worker] o.s.b.c.embedded.FilterRegistrationBean  : Mapping filter: 'characterEncodingFilter' to: [/*]
2015-05-06 15:01:20.991  INFO 95354 --- [    Test worker] o.s.b.c.embedded.FilterRegistrationBean  : Mapping filter: 'requestContextFilter' to: [/*]
2015-05-06 15:01:20.991  INFO 95354 --- [    Test worker] o.s.b.c.embedded.FilterRegistrationBean  : Mapping filter: 'hiddenHttpMethodFilter' to: [/*]
2015-05-06 15:01:20.992  INFO 95354 --- [    Test worker] o.s.b.c.e.ServletRegistrationBean        : Mapping servlet: 'jerseyServlet' to [/rest/*]
2015-05-06 15:01:20.994  INFO 95354 --- [    Test worker] o.s.b.c.e.ServletRegistrationBean        : Mapping servlet: 'dispatcherServlet' to [/]
2015-05-06 15:01:21.230  INFO 95354 --- [    Test worker] o.e.jetty.server.handler.ContextHandler  : Started o.s.b.c.e.j.JettyEmbeddedWebAppContext@76c5ade3{/,file:/Users/taowang/myprojects/picker/src/main/webapp/,AVAILABLE}
2015-05-06 15:01:21.230  INFO 95354 --- [    Test worker] org.eclipse.jetty.server.Server          : Started @3061ms
2015-05-06 15:01:21.446  INFO 95354 --- [    Test worker] o.s.jdbc.datasource.init.ScriptUtils     : Executing SQL script from URL [file:/Users/taowang/myprojects/picker/build/resources/main/schema.sql]
2015-05-06 15:01:21.461  INFO 95354 --- [    Test worker] o.s.jdbc.datasource.init.ScriptUtils     : Executed SQL script from URL [file:/Users/taowang/myprojects/picker/build/resources/main/schema.sql] in 14 ms.
2015-05-06 15:01:21.530  INFO 95354 --- [    Test worker] j.LocalContainerEntityManagerFactoryBean : Building JPA container EntityManagerFactory for persistence unit 'default'
2015-05-06 15:01:21.538  INFO 95354 --- [    Test worker] o.hibernate.jpa.internal.util.LogHelper  : HHH000204: Processing PersistenceUnitInfo [
	name: default
	...]
2015-05-06 15:01:21.634  INFO 95354 --- [    Test worker] org.hibernate.Version                    : HHH000412: Hibernate Core {4.3.8.Final}
2015-05-06 15:01:21.636  INFO 95354 --- [    Test worker] org.hibernate.cfg.Environment            : HHH000206: hibernate.properties not found
2015-05-06 15:01:21.637  INFO 95354 --- [    Test worker] org.hibernate.cfg.Environment            : HHH000021: Bytecode provider name : javassist
2015-05-06 15:01:21.903  INFO 95354 --- [    Test worker] o.hibernate.annotations.common.Version   : HCANN000001: Hibernate Commons Annotations {4.0.5.Final}
2015-05-06 15:01:21.979  INFO 95354 --- [    Test worker] org.hibernate.dialect.Dialect            : HHH000400: Using dialect: org.hibernate.dialect.H2Dialect
2015-05-06 15:01:22.071  INFO 95354 --- [    Test worker] o.h.h.i.ast.ASTQueryTranslatorFactory    : HHH000397: Using ASTQueryTranslatorFactory
2015-05-06 15:01:22.259  INFO 95354 --- [    Test worker] org.hibernate.tool.hbm2ddl.SchemaExport  : HHH000227: Running hbm2ddl schema export
2015-05-06 15:01:22.273  INFO 95354 --- [    Test worker] org.hibernate.tool.hbm2ddl.SchemaExport  : HHH000230: Schema export complete
2015-05-06 15:01:22.712  INFO 95354 --- [    Test worker] s.w.s.m.m.a.RequestMappingHandlerAdapter : Looking for @ControllerAdvice: org.springframework.boot.context.embedded.AnnotationConfigEmbeddedWebApplicationContext@8123cc4: startup date [Wed May 06 15:01:19 EDT 2015]; root of context hierarchy
2015-05-06 15:01:22.764  INFO 95354 --- [    Test worker] s.w.s.m.m.a.RequestMappingHandlerMapping : Mapped "{[/error],methods=[],params=[],headers=[],consumes=[],produces=[],custom=[]}" onto public org.springframework.http.ResponseEntity<java.util.Map<java.lang.String, java.lang.Object>> org.springframework.boot.autoconfigure.web.BasicErrorController.error(javax.servlet.http.HttpServletRequest)
2015-05-06 15:01:22.765  INFO 95354 --- [    Test worker] s.w.s.m.m.a.RequestMappingHandlerMapping : Mapped "{[/error],methods=[],params=[],headers=[],consumes=[],produces=[text/html],custom=[]}" onto public org.springframework.web.servlet.ModelAndView org.springframework.boot.autoconfigure.web.BasicErrorController.errorHtml(javax.servlet.http.HttpServletRequest)
2015-05-06 15:01:22.770  INFO 95354 --- [    Test worker] o.s.w.s.c.a.WebMvcConfigurerAdapter      : Adding welcome page: file:/Users/taowang/myprojects/picker/build/resources/main/public/index.html
2015-05-06 15:01:22.780  INFO 95354 --- [    Test worker] o.s.w.s.handler.SimpleUrlHandlerMapping  : Root mapping to handler of type [class org.springframework.web.servlet.mvc.ParameterizableViewController]
2015-05-06 15:01:22.788  INFO 95354 --- [    Test worker] o.s.w.s.handler.SimpleUrlHandlerMapping  : Mapped URL path [/webjars/**] onto handler of type [class org.springframework.web.servlet.resource.ResourceHttpRequestHandler]
2015-05-06 15:01:22.788  INFO 95354 --- [    Test worker] o.s.w.s.handler.SimpleUrlHandlerMapping  : Mapped URL path [/**] onto handler of type [class org.springframework.web.servlet.resource.ResourceHttpRequestHandler]
2015-05-06 15:01:22.816  INFO 95354 --- [    Test worker] o.s.w.s.handler.SimpleUrlHandlerMapping  : Mapped URL path [/**/favicon.ico] onto handler of type [class org.springframework.web.servlet.resource.ResourceHttpRequestHandler]
2015-05-06 15:01:23.308  INFO 95354 --- [    Test worker] /                                        : Initializing Spring FrameworkServlet 'dispatcherServlet'
2015-05-06 15:01:23.308  INFO 95354 --- [    Test worker] o.s.web.servlet.DispatcherServlet        : FrameworkServlet 'dispatcherServlet': initialization started
2015-05-06 15:01:23.326  INFO 95354 --- [    Test worker] o.s.web.servlet.DispatcherServlet        : FrameworkServlet 'dispatcherServlet': initialization completed in 18 ms
2015-05-06 15:01:23.367  INFO 95354 --- [    Test worker] o.eclipse.jetty.server.ServerConnector   : Started ServerConnector@54d89dff{HTTP/1.1}{0.0.0.0:8080}
2015-05-06 15:01:23.369  INFO 95354 --- [    Test worker] .s.b.c.e.j.JettyEmbeddedServletContainer : Jetty started on port(s) 8080 (http/1.1)
2015-05-06 15:01:23.371  INFO 95354 --- [    Test worker] o.s.boot.SpringApplication               : Started application in 4.279 seconds (JVM running for 5.202)
2015-05-06 15:01:23.492  INFO 95354 --- [tp1325796122-18] twstudio.rest.PersonService              : calling rest services...
]]></system-out>
  <system-err><![CDATA[]]></system-err>
</testsuite>
